<?xml version="1.0" encoding="UTF-8"?>
<!-- Generated by org.testng.reporters.JUnitXMLReporter -->
<testsuite hostname="LP-13" name="ProductDetailsScenarios" tests="11" failures="0" timestamp="7 Jan 2016 13:57:36 GMT" time="0.266" errors="0">
  <testcase name="@BeforeMethod initializeDrivers" time="0.0" classname="Functional_Scenarios.ProductDetailsScenarios">
    <failure type="java.lang.NoClassDefFoundError" message="Could not initialize class org.apache.http.conn.ssl.SSLConnectionSocketFactory">
      <![CDATA[java.lang.NoClassDefFoundError: Could not initialize class org.apache.http.conn.ssl.SSLConnectionSocketFactory
	at org.openqa.selenium.remote.internal.HttpClientFactory.getClientConnectionManager(HttpClientFactory.java:65)
	at org.openqa.selenium.remote.internal.HttpClientFactory.<init>(HttpClientFactory.java:55)
	at org.openqa.selenium.remote.internal.ApacheHttpClient$Factory.getDefaultHttpClientFactory(ApacheHttpClient.java:234)
	at org.openqa.selenium.remote.internal.ApacheHttpClient$Factory.<init>(ApacheHttpClient.java:211)
	at org.openqa.selenium.remote.HttpCommandExecutor.getDefaultClientFactory(HttpCommandExecutor.java:88)
	at org.openqa.selenium.remote.HttpCommandExecutor.<init>(HttpCommandExecutor.java:62)
	at org.openqa.selenium.remote.HttpCommandExecutor.<init>(HttpCommandExecutor.java:57)
	at org.openqa.selenium.remote.RemoteWebDriver.<init>(RemoteWebDriver.java:153)
	at io.appium.java_client.AppiumDriver.<init>(AppiumDriver.java:109)
	at io.appium.java_client.android.AndroidDriver.<init>(AndroidDriver.java:39)
	at Functional_Scenarios.BaseTestSanitySuite.initializeDrivers(BaseTestSanitySuite.java:366)
... Removed 27 stack frames]]>
    </failure>
  </testcase> <!-- @BeforeMethod initializeDrivers -->
  <testcase name="@AfterMethod quitTest" time="0.0" classname="Functional_Scenarios.ProductDetailsScenarios">
    <skipped/>
  </testcase> <!-- @AfterMethod quitTest -->
  <testcase name="@BeforeMethod initializeDrivers" time="0.0" classname="Functional_Scenarios.ProductDetailsScenarios">
    <skipped/>
  </testcase> <!-- @BeforeMethod initializeDrivers -->
  <testcase name="@AfterMethod quitTest" time="0.0" classname="Functional_Scenarios.ProductDetailsScenarios">
    <skipped/>
  </testcase> <!-- @AfterMethod quitTest -->
  <testcase name="@BeforeMethod initializeDrivers" time="0.0" classname="Functional_Scenarios.ProductDetailsScenarios">
    <skipped/>
  </testcase> <!-- @BeforeMethod initializeDrivers -->
  <testcase name="@AfterMethod quitTest" time="0.0" classname="Functional_Scenarios.ProductDetailsScenarios">
    <skipped/>
  </testcase> <!-- @AfterMethod quitTest -->
  <testcase name="@BeforeMethod initializeDrivers" time="0.0" classname="Functional_Scenarios.ProductDetailsScenarios">
    <skipped/>
  </testcase> <!-- @BeforeMethod initializeDrivers -->
  <testcase name="@AfterMethod quitTest" time="0.0" classname="Functional_Scenarios.ProductDetailsScenarios">
    <skipped/>
  </testcase> <!-- @AfterMethod quitTest -->
  <testcase name="@BeforeMethod initializeDrivers" time="0.0" classname="Functional_Scenarios.ProductDetailsScenarios">
    <skipped/>
  </testcase> <!-- @BeforeMethod initializeDrivers -->
  <testcase name="@AfterMethod quitTest" time="0.0" classname="Functional_Scenarios.ProductDetailsScenarios">
    <skipped/>
  </testcase> <!-- @AfterMethod quitTest -->
  <testcase name="@BeforeMethod initializeDrivers" time="0.0" classname="Functional_Scenarios.ProductDetailsScenarios">
    <skipped/>
  </testcase> <!-- @BeforeMethod initializeDrivers -->
  <testcase name="@AfterMethod quitTest" time="0.0" classname="Functional_Scenarios.ProductDetailsScenarios">
    <skipped/>
  </testcase> <!-- @AfterMethod quitTest -->
  <testcase name="@BeforeMethod initializeDrivers" time="0.0" classname="Functional_Scenarios.ProductDetailsScenarios">
    <skipped/>
  </testcase> <!-- @BeforeMethod initializeDrivers -->
  <testcase name="@AfterMethod quitTest" time="0.0" classname="Functional_Scenarios.ProductDetailsScenarios">
    <skipped/>
  </testcase> <!-- @AfterMethod quitTest -->
  <testcase name="@BeforeMethod initializeDrivers" time="0.0" classname="Functional_Scenarios.ProductDetailsScenarios">
    <skipped/>
  </testcase> <!-- @BeforeMethod initializeDrivers -->
  <testcase name="@AfterMethod quitTest" time="0.0" classname="Functional_Scenarios.ProductDetailsScenarios">
    <skipped/>
  </testcase> <!-- @AfterMethod quitTest -->
  <testcase name="@BeforeMethod initializeDrivers" time="0.0" classname="Functional_Scenarios.ProductDetailsScenarios">
    <skipped/>
  </testcase> <!-- @BeforeMethod initializeDrivers -->
  <testcase name="@AfterMethod quitTest" time="0.0" classname="Functional_Scenarios.ProductDetailsScenarios">
    <skipped/>
  </testcase> <!-- @AfterMethod quitTest -->
  <testcase name="@BeforeMethod initializeDrivers" time="0.0" classname="Functional_Scenarios.ProductDetailsScenarios">
    <skipped/>
  </testcase> <!-- @BeforeMethod initializeDrivers -->
  <testcase name="@AfterMethod quitTest" time="0.0" classname="Functional_Scenarios.ProductDetailsScenarios">
    <skipped/>
  </testcase> <!-- @AfterMethod quitTest -->
  <testcase name="@BeforeMethod initializeDrivers" time="0.0" classname="Functional_Scenarios.ProductDetailsScenarios">
    <skipped/>
  </testcase> <!-- @BeforeMethod initializeDrivers -->
  <testcase name="@AfterMethod quitTest" time="0.0" classname="Functional_Scenarios.ProductDetailsScenarios">
    <skipped/>
  </testcase> <!-- @AfterMethod quitTest -->
  <testcase name="exchangeFunctionality" time="0.001" classname="Functional_Scenarios.ProductDetailsScenarios">
    <skipped/>
  </testcase> <!-- exchangeFunctionality -->
  <testcase name="executeTestCase" time="0.001" classname="Functional_Scenarios.ProductDetailsScenarios">
    <skipped/>
  </testcase> <!-- executeTestCase -->
  <testcase name="favouritesProducts" time="0.001" classname="Functional_Scenarios.ProductDetailsScenarios">
    <skipped/>
  </testcase> <!-- favouritesProducts -->
  <testcase name="loginCheckForSubmitReview" time="0.001" classname="Functional_Scenarios.ProductDetailsScenarios">
    <skipped/>
  </testcase> <!-- loginCheckForSubmitReview -->
  <testcase name="moreCategoryProductListing" time="0.001" classname="Functional_Scenarios.ProductDetailsScenarios">
    <skipped/>
  </testcase> <!-- moreCategoryProductListing -->
  <testcase name="productEnlargedImage" time="0.001" classname="Functional_Scenarios.ProductDetailsScenarios">
    <skipped/>
  </testcase> <!-- productEnlargedImage -->
  <testcase name="productFeaturesDetails" time="0.002" classname="Functional_Scenarios.ProductDetailsScenarios">
    <skipped/>
  </testcase> <!-- productFeaturesDetails -->
  <testcase name="productWithFilter" time="0.001" classname="Functional_Scenarios.ProductDetailsScenarios">
    <skipped/>
  </testcase> <!-- productWithFilter -->
  <testcase name="removeAppliedFilter" time="0.01" classname="Functional_Scenarios.ProductDetailsScenarios">
    <skipped/>
  </testcase> <!-- removeAppliedFilter -->
  <testcase name="scrollableProductList" time="0.001" classname="Functional_Scenarios.ProductDetailsScenarios">
    <skipped/>
  </testcase> <!-- scrollableProductList -->
  <testcase name="sorting" time="0.004" classname="Functional_Scenarios.ProductDetailsScenarios">
    <skipped/>
  </testcase> <!-- sorting -->
</testsuite> <!-- ProductDetailsScenarios -->
